2024-06-04 12:39:10 INFO  com.Maxele.Maxele.MaxeleApplication - Starting MaxeleApplication using Java 20.0.2 with PID 4568 (C:\Users\Utente\Desktop\maxe\Maxele\build\classes\java\main started by Utente in C:\Users\Utente\Desktop\maxe\Maxele)
2024-06-04 12:39:10 INFO  com.Maxele.Maxele.MaxeleApplication - No active profile set, falling back to 1 default profile: "default"
2024-06-04 12:39:10 INFO  o.s.b.d.e.DevToolsPropertyDefaultsPostProcessor - Devtools property defaults active! Set 'spring.devtools.add-properties' to 'false' to disable
2024-06-04 12:39:11 INFO  o.s.b.w.e.tomcat.TomcatWebServer - Tomcat initialized with port 8080 (http)
2024-06-04 12:39:11 INFO  o.a.coyote.http11.Http11NioProtocol - Initializing ProtocolHandler ["http-nio-8080"]
2024-06-04 12:39:11 INFO  o.a.catalina.core.StandardService - Starting service [Tomcat]
2024-06-04 12:39:11 INFO  o.a.catalina.core.StandardEngine - Starting Servlet engine: [Apache Tomcat/10.1.24]
2024-06-04 12:39:11 INFO  o.a.c.c.C.[Tomcat].[localhost].[/] - Initializing Spring embedded WebApplicationContext
2024-06-04 12:39:11 INFO  o.s.b.w.s.c.ServletWebServerApplicationContext - Root WebApplicationContext: initialization completed in 1243 ms
2024-06-04 12:39:12 INFO  o.s.b.d.a.OptionalLiveReloadServer - LiveReload server is running on port 35729
2024-06-04 12:39:12 INFO  o.a.coyote.http11.Http11NioProtocol - Starting ProtocolHandler ["http-nio-8080"]
2024-06-04 12:39:12 INFO  o.s.b.w.e.tomcat.TomcatWebServer - Tomcat started on port 8080 (http) with context path '/'
2024-06-04 12:39:12 INFO  com.Maxele.Maxele.MaxeleApplication - Started MaxeleApplication in 2.253 seconds (process running for 2.638)
2024-06-04 12:39:12 INFO  com.Maxele.Maxele.MaxeleApplication - New best elevation gain: 206.36521911621094 meters
2024-06-04 12:39:12 INFO  com.Maxele.Maxele.MaxeleApplication - New best elevation gain: 250.18797302246094 meters
2024-06-04 12:39:12 INFO  com.Maxele.Maxele.MaxeleApplication - New best elevation gain: 254.83892822265625 meters
2024-06-04 12:39:12 INFO  com.Maxele.Maxele.MaxeleApplication - New best elevation gain: 260.28375244140625 meters
2024-06-04 12:39:12 INFO  com.Maxele.Maxele.MaxeleApplication - New best elevation gain: 264.93470764160156 meters
2024-06-04 12:39:12 INFO  com.Maxele.Maxele.MaxeleApplication - New best elevation gain: 265.4503631591797 meters
2024-06-04 12:39:12 INFO  com.Maxele.Maxele.MaxeleApplication - New best elevation gain: 270.8951873779297 meters
2024-06-04 12:39:12 INFO  com.Maxele.Maxele.MaxeleApplication - New best elevation gain: 275.546142578125 meters
2024-06-04 12:39:12 INFO  com.Maxele.Maxele.MaxeleApplication - New best elevation gain: 276.180908203125 meters
2024-06-04 12:39:12 INFO  com.Maxele.Maxele.MaxeleApplication - New best elevation gain: 280.8318634033203 meters
2024-06-04 12:39:12 INFO  com.Maxele.Maxele.MaxeleApplication - New best elevation gain: 281.10169982910156 meters
2024-06-04 12:39:12 INFO  com.Maxele.Maxele.MaxeleApplication - New best elevation gain: 283.2844543457031 meters
2024-06-04 12:39:12 INFO  com.Maxele.Maxele.MaxeleApplication - New best elevation gain: 288.7292785644531 meters
2024-06-04 12:39:12 INFO  com.Maxele.Maxele.MaxeleApplication - New best elevation gain: 293.38023376464844 meters
2024-06-04 12:39:12 INFO  com.Maxele.Maxele.MaxeleApplication - New best elevation gain: 293.6500701904297 meters
2024-06-04 12:39:12 INFO  com.Maxele.Maxele.MaxeleApplication - New best elevation gain: 294.77227783203125 meters
2024-06-04 12:39:12 INFO  com.Maxele.Maxele.MaxeleApplication - New best elevation gain: 300.21710205078125 meters
2024-06-04 12:39:12 INFO  com.Maxele.Maxele.MaxeleApplication - New best elevation gain: 304.86805725097656 meters
2024-06-04 12:39:12 INFO  com.Maxele.Maxele.MaxeleApplication - New best elevation gain: 305.1378936767578 meters
2024-06-04 12:39:12 INFO  com.Maxele.Maxele.MaxeleApplication - New best elevation gain: 305.4083557128906 meters
2024-06-04 12:39:12 INFO  com.Maxele.Maxele.MaxeleApplication - New best elevation gain: 305.6781921386719 meters
2024-06-04 12:39:13 INFO  com.Maxele.Maxele.MaxeleApplication - New best elevation gain: 305.8872833251953 meters
2024-06-04 12:39:14 INFO  com.Maxele.Maxele.MaxeleApplication - New best elevation gain: 307.8193359375 meters
2024-06-04 12:39:14 INFO  com.Maxele.Maxele.MaxeleApplication - New best elevation gain: 308.08917236328125 meters
2024-06-04 12:39:14 INFO  com.Maxele.Maxele.MaxeleApplication - New best elevation gain: 308.35963439941406 meters
2024-06-04 12:39:14 INFO  com.Maxele.Maxele.MaxeleApplication - New best elevation gain: 308.6294708251953 meters
2024-06-04 12:39:14 INFO  com.Maxele.Maxele.MaxeleApplication - New best elevation gain: 308.83856201171875 meters
2024-06-04 12:39:15 INFO  com.Maxele.Maxele.MaxeleApplication - Paths found: 10000
2024-06-04 12:39:18 INFO  com.Maxele.Maxele.MaxeleApplication - Paths found: 20000
2024-06-04 12:39:19 INFO  o.a.c.c.C.[Tomcat].[localhost].[/] - Initializing Spring DispatcherServlet 'dispatcherServlet'
2024-06-04 12:39:19 INFO  o.s.web.servlet.DispatcherServlet - Initializing Servlet 'dispatcherServlet'
2024-06-04 12:39:19 INFO  o.s.web.servlet.DispatcherServlet - Completed initialization in 0 ms
2024-06-04 12:39:22 INFO  com.Maxele.Maxele.MaxeleApplication - Paths found: 30000
2024-06-04 12:39:25 INFO  com.Maxele.Maxele.MaxeleApplication - Paths found: 40000
2024-06-04 12:39:29 INFO  com.Maxele.Maxele.MaxeleApplication - Paths found: 50000
2024-06-04 12:39:29 INFO  com.Maxele.Maxele.MaxeleApplication - New best elevation gain: 308.8692932128906 meters
2024-06-04 12:39:29 INFO  com.Maxele.Maxele.MaxeleApplication - New best elevation gain: 309.13975524902344 meters
2024-06-04 12:39:29 INFO  com.Maxele.Maxele.MaxeleApplication - New best elevation gain: 309.4095916748047 meters
2024-06-04 12:39:30 INFO  com.Maxele.Maxele.MaxeleApplication - New best elevation gain: 309.6186828613281 meters
2024-06-04 12:39:32 INFO  com.Maxele.Maxele.MaxeleApplication - Paths found: 60000
2024-06-04 12:39:35 INFO  com.Maxele.Maxele.MaxeleApplication - Paths found: 70000
2024-06-04 12:39:38 INFO  com.Maxele.Maxele.MaxeleApplication - Paths found: 80000
2024-06-04 12:39:40 INFO  com.Maxele.Maxele.MaxeleApplication - New best elevation gain: 309.7002258300781 meters
2024-06-04 12:39:41 INFO  com.Maxele.Maxele.MaxeleApplication - Paths found: 90000
2024-06-04 12:39:45 INFO  com.Maxele.Maxele.MaxeleApplication - Paths found: 100000
2024-06-04 12:39:48 INFO  com.Maxele.Maxele.MaxeleApplication - Paths found: 110000
2024-06-04 12:39:51 INFO  com.Maxele.Maxele.MaxeleApplication - Paths found: 120000
2024-06-04 12:39:54 INFO  com.Maxele.Maxele.MaxeleApplication - Paths found: 130000
2024-06-04 12:39:58 INFO  com.Maxele.Maxele.MaxeleApplication - Paths found: 140000
2024-06-04 12:40:01 INFO  com.Maxele.Maxele.MaxeleApplication - Paths found: 150000
2024-06-04 12:40:05 INFO  com.Maxele.Maxele.MaxeleApplication - Paths found: 160000
2024-06-04 12:40:08 INFO  com.Maxele.Maxele.MaxeleApplication - Paths found: 170000
2024-06-04 12:40:11 INFO  com.Maxele.Maxele.MaxeleApplication - Paths found: 180000
2024-06-04 12:40:14 INFO  com.Maxele.Maxele.MaxeleApplication - Paths found: 190000
2024-06-04 12:40:17 INFO  com.Maxele.Maxele.MaxeleApplication - Paths found: 200000
2024-06-04 12:40:21 INFO  com.Maxele.Maxele.MaxeleApplication - Paths found: 210000
2024-06-04 12:40:24 INFO  com.Maxele.Maxele.MaxeleApplication - Paths found: 220000
2024-06-04 12:40:27 INFO  com.Maxele.Maxele.MaxeleApplication - Paths found: 230000
2024-06-04 12:40:30 INFO  com.Maxele.Maxele.MaxeleApplication - Paths found: 240000
2024-06-04 12:40:33 INFO  com.Maxele.Maxele.MaxeleApplication - Paths found: 250000
2024-06-04 12:40:36 INFO  com.Maxele.Maxele.MaxeleApplication - Paths found: 260000
2024-06-04 12:40:39 INFO  com.Maxele.Maxele.MaxeleApplication - Paths found: 270000
2024-06-04 12:40:42 INFO  com.Maxele.Maxele.MaxeleApplication - Paths found: 280000
2024-06-04 12:40:45 INFO  com.Maxele.Maxele.MaxeleApplication - Paths found: 290000
2024-06-04 12:40:48 INFO  com.Maxele.Maxele.MaxeleApplication - Paths found: 300000
2024-06-04 12:40:51 INFO  com.Maxele.Maxele.MaxeleApplication - Paths found: 310000
2024-06-04 12:40:54 INFO  com.Maxele.Maxele.MaxeleApplication - Paths found: 320000
2024-06-04 12:40:57 INFO  com.Maxele.Maxele.MaxeleApplication - Paths found: 330000
2024-06-04 12:41:01 INFO  com.Maxele.Maxele.MaxeleApplication - Paths found: 340000
2024-06-04 12:41:04 INFO  com.Maxele.Maxele.MaxeleApplication - Paths found: 350000
2024-06-04 12:41:07 INFO  com.Maxele.Maxele.MaxeleApplication - Paths found: 360000
2024-06-04 12:41:10 INFO  com.Maxele.Maxele.MaxeleApplication - Paths found: 370000
2024-06-04 12:41:13 INFO  com.Maxele.Maxele.MaxeleApplication - Paths found: 380000
2024-06-04 12:41:16 INFO  com.Maxele.Maxele.MaxeleApplication - Paths found: 390000
2024-06-04 12:41:19 INFO  com.Maxele.Maxele.MaxeleApplication - Paths found: 400000
2024-06-04 12:41:22 INFO  com.Maxele.Maxele.MaxeleApplication - Paths found: 410000
2024-06-04 12:41:26 INFO  com.Maxele.Maxele.MaxeleApplication - Paths found: 420000
2024-06-04 12:41:29 INFO  com.Maxele.Maxele.MaxeleApplication - Paths found: 430000
2024-06-04 12:41:32 INFO  com.Maxele.Maxele.MaxeleApplication - Paths found: 440000
2024-06-04 12:41:35 INFO  com.Maxele.Maxele.MaxeleApplication - Paths found: 450000
2024-06-04 12:41:38 INFO  com.Maxele.Maxele.MaxeleApplication - Paths found: 460000
2024-06-04 12:41:41 INFO  com.Maxele.Maxele.MaxeleApplication - Paths found: 470000
2024-06-04 12:41:44 INFO  com.Maxele.Maxele.MaxeleApplication - Paths found: 480000
2024-06-04 12:41:47 INFO  com.Maxele.Maxele.MaxeleApplication - Paths found: 490000
2024-06-04 12:41:51 INFO  com.Maxele.Maxele.MaxeleApplication - Paths found: 500000
2024-06-04 12:41:54 INFO  com.Maxele.Maxele.MaxeleApplication - Paths found: 510000
2024-06-04 12:41:58 INFO  com.Maxele.Maxele.MaxeleApplication - Paths found: 520000
2024-06-04 12:42:01 INFO  com.Maxele.Maxele.MaxeleApplication - Paths found: 530000
2024-06-04 12:42:04 INFO  com.Maxele.Maxele.MaxeleApplication - Paths found: 540000
2024-06-04 12:42:07 INFO  com.Maxele.Maxele.MaxeleApplication - Paths found: 550000
2024-06-04 12:42:10 INFO  com.Maxele.Maxele.MaxeleApplication - Paths found: 560000
2024-06-04 12:42:14 INFO  com.Maxele.Maxele.MaxeleApplication - Paths found: 570000
2024-06-04 12:42:17 INFO  com.Maxele.Maxele.MaxeleApplication - Paths found: 580000
2024-06-04 12:42:20 INFO  com.Maxele.Maxele.MaxeleApplication - Paths found: 590000
2024-06-04 12:42:23 INFO  com.Maxele.Maxele.MaxeleApplication - Paths found: 600000
2024-06-04 12:42:26 INFO  com.Maxele.Maxele.MaxeleApplication - Paths found: 610000
2024-06-04 12:42:29 INFO  com.Maxele.Maxele.MaxeleApplication - Paths found: 620000
2024-06-04 12:42:32 INFO  com.Maxele.Maxele.MaxeleApplication - Paths found: 630000
2024-06-04 12:42:36 INFO  com.Maxele.Maxele.MaxeleApplication - Paths found: 640000
2024-06-04 12:42:39 INFO  com.Maxele.Maxele.MaxeleApplication - Paths found: 650000
2024-06-04 12:42:42 INFO  com.Maxele.Maxele.MaxeleApplication - Paths found: 660000
2024-06-04 12:42:46 INFO  com.Maxele.Maxele.MaxeleApplication - Paths found: 670000
2024-06-04 12:42:49 INFO  com.Maxele.Maxele.MaxeleApplication - Paths found: 680000
2024-06-04 12:42:52 INFO  com.Maxele.Maxele.MaxeleApplication - Paths found: 690000
2024-06-04 12:42:55 INFO  com.Maxele.Maxele.MaxeleApplication - Paths found: 700000
2024-06-04 12:42:59 INFO  com.Maxele.Maxele.MaxeleApplication - Paths found: 710000
2024-06-04 12:43:02 INFO  com.Maxele.Maxele.MaxeleApplication - Paths found: 720000
2024-06-04 12:43:05 INFO  com.Maxele.Maxele.MaxeleApplication - Paths found: 730000
2024-06-04 12:43:08 INFO  com.Maxele.Maxele.MaxeleApplication - Paths found: 740000
2024-06-04 12:43:11 INFO  com.Maxele.Maxele.MaxeleApplication - Paths found: 750000
2024-06-04 12:43:15 INFO  com.Maxele.Maxele.MaxeleApplication - Paths found: 760000
2024-06-04 12:43:18 INFO  com.Maxele.Maxele.MaxeleApplication - Paths found: 770000
2024-06-04 12:43:21 INFO  com.Maxele.Maxele.MaxeleApplication - Paths found: 780000
2024-06-04 12:43:24 INFO  com.Maxele.Maxele.MaxeleApplication - Paths found: 790000
2024-06-04 12:43:27 INFO  com.Maxele.Maxele.MaxeleApplication - Paths found: 800000
2024-06-04 12:43:30 INFO  com.Maxele.Maxele.MaxeleApplication - Paths found: 810000
2024-06-04 12:43:33 INFO  com.Maxele.Maxele.MaxeleApplication - Paths found: 820000
2024-06-04 12:43:36 INFO  com.Maxele.Maxele.MaxeleApplication - Paths found: 830000
2024-06-04 12:43:39 INFO  com.Maxele.Maxele.MaxeleApplication - Paths found: 840000
2024-06-04 12:43:42 INFO  com.Maxele.Maxele.MaxeleApplication - Paths found: 850000
2024-06-04 12:43:45 INFO  com.Maxele.Maxele.MaxeleApplication - Paths found: 860000
2024-06-04 12:43:48 INFO  com.Maxele.Maxele.MaxeleApplication - Paths found: 870000
2024-06-04 12:43:51 INFO  com.Maxele.Maxele.MaxeleApplication - Paths found: 880000
2024-06-04 12:43:55 INFO  com.Maxele.Maxele.MaxeleApplication - Paths found: 890000
2024-06-04 12:43:58 INFO  com.Maxele.Maxele.MaxeleApplication - Paths found: 900000
2024-06-04 12:44:01 INFO  com.Maxele.Maxele.MaxeleApplication - Paths found: 910000
2024-06-04 12:44:04 INFO  com.Maxele.Maxele.MaxeleApplication - Paths found: 920000
2024-06-04 12:44:07 INFO  com.Maxele.Maxele.MaxeleApplication - Paths found: 930000
2024-06-04 12:44:10 INFO  com.Maxele.Maxele.MaxeleApplication - Paths found: 940000
2024-06-04 12:44:13 INFO  com.Maxele.Maxele.MaxeleApplication - Paths found: 950000
2024-06-04 12:44:16 INFO  com.Maxele.Maxele.MaxeleApplication - Paths found: 960000
2024-06-04 12:44:19 INFO  com.Maxele.Maxele.MaxeleApplication - Paths found: 970000
2024-06-04 12:44:22 INFO  com.Maxele.Maxele.MaxeleApplication - Paths found: 980000
2024-06-04 12:44:25 INFO  com.Maxele.Maxele.MaxeleApplication - Paths found: 990000
2024-06-04 12:44:28 INFO  com.Maxele.Maxele.MaxeleApplication - Paths found: 1000000
2024-06-04 12:44:31 INFO  com.Maxele.Maxele.MaxeleApplication - Paths found: 1010000
2024-06-04 12:44:35 INFO  com.Maxele.Maxele.MaxeleApplication - Paths found: 1020000
2024-06-04 12:44:38 INFO  com.Maxele.Maxele.MaxeleApplication - Paths found: 1030000
2024-06-04 12:44:41 INFO  com.Maxele.Maxele.MaxeleApplication - Paths found: 1040000
2024-06-04 12:44:44 INFO  com.Maxele.Maxele.MaxeleApplication - Paths found: 1050000
2024-06-04 12:44:47 INFO  com.Maxele.Maxele.MaxeleApplication - Paths found: 1060000
2024-06-04 12:44:50 INFO  com.Maxele.Maxele.MaxeleApplication - Paths found: 1070000
2024-06-04 12:44:53 INFO  com.Maxele.Maxele.MaxeleApplication - Paths found: 1080000
2024-06-04 12:44:56 INFO  com.Maxele.Maxele.MaxeleApplication - Paths found: 1090000
2024-06-04 12:45:00 INFO  com.Maxele.Maxele.MaxeleApplication - Paths found: 1100000
2024-06-04 12:45:03 INFO  com.Maxele.Maxele.MaxeleApplication - Paths found: 1110000
2024-06-04 12:45:06 INFO  com.Maxele.Maxele.MaxeleApplication - Paths found: 1120000
2024-06-04 12:45:09 INFO  com.Maxele.Maxele.MaxeleApplication - Paths found: 1130000
2024-06-04 12:45:12 INFO  com.Maxele.Maxele.MaxeleApplication - Paths found: 1140000
2024-06-04 12:45:15 INFO  com.Maxele.Maxele.MaxeleApplication - Paths found: 1150000
2024-06-04 12:45:18 INFO  com.Maxele.Maxele.MaxeleApplication - Paths found: 1160000
2024-06-04 12:45:21 INFO  com.Maxele.Maxele.MaxeleApplication - Paths found: 1170000
2024-06-04 12:45:24 INFO  com.Maxele.Maxele.MaxeleApplication - Paths found: 1180000
2024-06-04 12:45:27 INFO  com.Maxele.Maxele.MaxeleApplication - Paths found: 1190000
2024-06-04 12:45:30 INFO  com.Maxele.Maxele.MaxeleApplication - Paths found: 1200000
2024-06-04 12:45:33 INFO  com.Maxele.Maxele.MaxeleApplication - Paths found: 1210000
2024-06-04 12:45:36 INFO  com.Maxele.Maxele.MaxeleApplication - Paths found: 1220000
2024-06-04 12:45:39 INFO  com.Maxele.Maxele.MaxeleApplication - Paths found: 1230000
2024-06-04 12:45:42 INFO  com.Maxele.Maxele.MaxeleApplication - Paths found: 1240000
2024-06-04 12:45:45 INFO  com.Maxele.Maxele.MaxeleApplication - Paths found: 1250000
2024-06-04 12:45:48 INFO  com.Maxele.Maxele.MaxeleApplication - Paths found: 1260000
2024-06-04 12:45:51 INFO  com.Maxele.Maxele.MaxeleApplication - Paths found: 1270000
2024-06-04 12:45:55 INFO  com.Maxele.Maxele.MaxeleApplication - Paths found: 1280000
2024-06-04 12:45:58 INFO  com.Maxele.Maxele.MaxeleApplication - Paths found: 1290000
2024-06-04 12:46:01 INFO  com.Maxele.Maxele.MaxeleApplication - Paths found: 1300000
2024-06-04 12:46:04 INFO  com.Maxele.Maxele.MaxeleApplication - Paths found: 1310000
2024-06-04 12:46:07 INFO  com.Maxele.Maxele.MaxeleApplication - Paths found: 1320000
2024-06-04 12:46:10 INFO  com.Maxele.Maxele.MaxeleApplication - Paths found: 1330000
2024-06-04 12:46:13 INFO  com.Maxele.Maxele.MaxeleApplication - Paths found: 1340000
2024-06-04 12:46:16 INFO  com.Maxele.Maxele.MaxeleApplication - Paths found: 1350000
2024-06-04 12:46:20 INFO  com.Maxele.Maxele.MaxeleApplication - Paths found: 1360000
2024-06-04 12:46:23 INFO  com.Maxele.Maxele.MaxeleApplication - Paths found: 1370000
2024-06-04 12:46:26 INFO  com.Maxele.Maxele.MaxeleApplication - Paths found: 1380000
2024-06-04 12:46:29 INFO  com.Maxele.Maxele.MaxeleApplication - Paths found: 1390000
2024-06-04 12:46:32 INFO  com.Maxele.Maxele.MaxeleApplication - Paths found: 1400000
2024-06-04 12:46:35 INFO  com.Maxele.Maxele.MaxeleApplication - Paths found: 1410000
2024-06-04 12:46:38 INFO  com.Maxele.Maxele.MaxeleApplication - Paths found: 1420000
2024-06-04 12:46:42 INFO  com.Maxele.Maxele.MaxeleApplication - Paths found: 1430000
2024-06-04 12:46:45 INFO  com.Maxele.Maxele.MaxeleApplication - Paths found: 1440000
2024-06-04 12:46:48 INFO  com.Maxele.Maxele.MaxeleApplication - Paths found: 1450000
2024-06-04 12:46:51 INFO  com.Maxele.Maxele.MaxeleApplication - Paths found: 1460000
2024-06-04 12:46:54 INFO  com.Maxele.Maxele.MaxeleApplication - Paths found: 1470000
2024-06-04 12:46:57 INFO  com.Maxele.Maxele.MaxeleApplication - Paths found: 1480000
2024-06-04 12:47:00 INFO  com.Maxele.Maxele.MaxeleApplication - Paths found: 1490000
2024-06-04 12:47:03 INFO  com.Maxele.Maxele.MaxeleApplication - Paths found: 1500000
2024-06-04 12:47:06 INFO  com.Maxele.Maxele.MaxeleApplication - Paths found: 1510000
2024-06-04 12:47:09 INFO  com.Maxele.Maxele.MaxeleApplication - Paths found: 1520000
2024-06-04 12:47:12 INFO  com.Maxele.Maxele.MaxeleApplication - Paths found: 1530000
2024-06-04 12:47:15 INFO  com.Maxele.Maxele.MaxeleApplication - Paths found: 1540000
2024-06-04 12:47:18 INFO  com.Maxele.Maxele.MaxeleApplication - Paths found: 1550000
2024-06-04 12:47:21 INFO  com.Maxele.Maxele.MaxeleApplication - Paths found: 1560000
2024-06-04 12:47:24 INFO  com.Maxele.Maxele.MaxeleApplication - Paths found: 1570000
2024-06-04 12:47:27 INFO  com.Maxele.Maxele.MaxeleApplication - Paths found: 1580000
2024-06-04 12:47:30 INFO  com.Maxele.Maxele.MaxeleApplication - Paths found: 1590000
2024-06-04 12:47:33 INFO  com.Maxele.Maxele.MaxeleApplication - Paths found: 1600000
2024-06-04 12:47:36 INFO  com.Maxele.Maxele.MaxeleApplication - Paths found: 1610000
2024-06-04 12:47:39 INFO  com.Maxele.Maxele.MaxeleApplication - Paths found: 1620000
2024-06-04 12:47:42 INFO  com.Maxele.Maxele.MaxeleApplication - Paths found: 1630000
2024-06-04 12:47:45 INFO  com.Maxele.Maxele.MaxeleApplication - Paths found: 1640000
2024-06-04 12:47:48 INFO  com.Maxele.Maxele.MaxeleApplication - Paths found: 1650000
2024-06-04 12:47:51 INFO  com.Maxele.Maxele.MaxeleApplication - Paths found: 1660000
2024-06-04 12:47:54 INFO  com.Maxele.Maxele.MaxeleApplication - Paths found: 1670000
2024-06-04 12:47:58 INFO  com.Maxele.Maxele.MaxeleApplication - Paths found: 1680000
2024-06-04 12:48:01 INFO  com.Maxele.Maxele.MaxeleApplication - Paths found: 1690000
2024-06-04 12:48:04 INFO  com.Maxele.Maxele.MaxeleApplication - Paths found: 1700000
2024-06-04 12:48:07 INFO  com.Maxele.Maxele.MaxeleApplication - Paths found: 1710000
2024-06-04 12:48:10 INFO  com.Maxele.Maxele.MaxeleApplication - Paths found: 1720000
2024-06-04 12:48:13 INFO  com.Maxele.Maxele.MaxeleApplication - Paths found: 1730000
2024-06-04 12:48:16 INFO  com.Maxele.Maxele.MaxeleApplication - Paths found: 1740000
2024-06-04 12:48:19 INFO  com.Maxele.Maxele.MaxeleApplication - Paths found: 1750000
2024-06-04 12:48:22 INFO  com.Maxele.Maxele.MaxeleApplication - Paths found: 1760000
2024-06-04 12:48:25 INFO  com.Maxele.Maxele.MaxeleApplication - Paths found: 1770000
2024-06-04 12:48:28 INFO  com.Maxele.Maxele.MaxeleApplication - Paths found: 1780000
2024-06-04 12:48:31 INFO  com.Maxele.Maxele.MaxeleApplication - Paths found: 1790000
2024-06-04 12:48:34 INFO  com.Maxele.Maxele.MaxeleApplication - Paths found: 1800000
2024-06-04 12:48:37 INFO  com.Maxele.Maxele.MaxeleApplication - Paths found: 1810000
2024-06-04 12:48:40 INFO  com.Maxele.Maxele.MaxeleApplication - Paths found: 1820000
2024-06-04 12:48:43 INFO  com.Maxele.Maxele.MaxeleApplication - Paths found: 1830000
2024-06-04 12:48:46 INFO  com.Maxele.Maxele.MaxeleApplication - Paths found: 1840000
2024-06-04 12:48:49 INFO  com.Maxele.Maxele.MaxeleApplication - Paths found: 1850000
2024-06-04 12:48:52 INFO  com.Maxele.Maxele.MaxeleApplication - Paths found: 1860000
2024-06-04 12:48:55 INFO  com.Maxele.Maxele.MaxeleApplication - Paths found: 1870000
2024-06-04 12:48:58 INFO  com.Maxele.Maxele.MaxeleApplication - Paths found: 1880000
2024-06-04 12:49:01 INFO  com.Maxele.Maxele.MaxeleApplication - Paths found: 1890000
2024-06-04 12:49:04 INFO  com.Maxele.Maxele.MaxeleApplication - Paths found: 1900000
2024-06-04 12:49:08 INFO  com.Maxele.Maxele.MaxeleApplication - Paths found: 1910000
2024-06-04 12:49:11 INFO  com.Maxele.Maxele.MaxeleApplication - Paths found: 1920000
2024-06-04 12:49:14 INFO  com.Maxele.Maxele.MaxeleApplication - Paths found: 1930000
2024-06-04 12:49:18 INFO  com.Maxele.Maxele.MaxeleApplication - Paths found: 1940000
2024-06-04 12:49:21 INFO  com.Maxele.Maxele.MaxeleApplication - Paths found: 1950000
2024-06-04 12:49:25 INFO  com.Maxele.Maxele.MaxeleApplication - Paths found: 1960000
2024-06-04 12:49:28 INFO  com.Maxele.Maxele.MaxeleApplication - Paths found: 1970000
2024-06-04 12:49:31 INFO  com.Maxele.Maxele.MaxeleApplication - Paths found: 1980000
2024-06-04 12:49:35 INFO  com.Maxele.Maxele.MaxeleApplication - Paths found: 1990000
2024-06-04 12:49:38 INFO  com.Maxele.Maxele.MaxeleApplication - Paths found: 2000000
2024-06-04 12:49:42 INFO  com.Maxele.Maxele.MaxeleApplication - Paths found: 2010000
2024-06-04 12:49:45 INFO  com.Maxele.Maxele.MaxeleApplication - Paths found: 2020000
2024-06-04 12:49:49 INFO  com.Maxele.Maxele.MaxeleApplication - Paths found: 2030000
2024-06-04 12:49:52 INFO  com.Maxele.Maxele.MaxeleApplication - Paths found: 2040000
2024-06-04 12:49:55 INFO  com.Maxele.Maxele.MaxeleApplication - Paths found: 2050000
2024-06-04 12:49:59 INFO  com.Maxele.Maxele.MaxeleApplication - Paths found: 2060000
2024-06-04 12:50:02 INFO  com.Maxele.Maxele.MaxeleApplication - Paths found: 2070000
2024-06-04 12:50:05 INFO  com.Maxele.Maxele.MaxeleApplication - Paths found: 2080000
2024-06-04 12:50:08 INFO  com.Maxele.Maxele.MaxeleApplication - Paths found: 2090000
2024-06-04 12:50:12 INFO  com.Maxele.Maxele.MaxeleApplication - Paths found: 2100000
2024-06-04 12:50:15 INFO  com.Maxele.Maxele.MaxeleApplication - Paths found: 2110000
2024-06-04 12:50:19 INFO  com.Maxele.Maxele.MaxeleApplication - Paths found: 2120000
2024-06-04 12:50:22 INFO  com.Maxele.Maxele.MaxeleApplication - Paths found: 2130000
2024-06-04 12:50:26 INFO  com.Maxele.Maxele.MaxeleApplication - Paths found: 2140000
2024-06-04 12:50:29 INFO  com.Maxele.Maxele.MaxeleApplication - Paths found: 2150000
2024-06-04 12:50:32 INFO  com.Maxele.Maxele.MaxeleApplication - Paths found: 2160000
2024-06-04 12:50:35 INFO  com.Maxele.Maxele.MaxeleApplication - Paths found: 2170000
2024-06-04 12:50:38 INFO  com.Maxele.Maxele.MaxeleApplication - Paths found: 2180000
2024-06-04 12:50:41 INFO  com.Maxele.Maxele.MaxeleApplication - Paths found: 2190000
2024-06-04 12:50:44 INFO  com.Maxele.Maxele.MaxeleApplication - Paths found: 2200000
2024-06-04 12:50:47 INFO  com.Maxele.Maxele.MaxeleApplication - Paths found: 2210000
2024-06-04 12:50:50 INFO  com.Maxele.Maxele.MaxeleApplication - Paths found: 2220000
2024-06-04 12:50:53 INFO  com.Maxele.Maxele.MaxeleApplication - Paths found: 2230000
2024-06-04 12:50:56 INFO  com.Maxele.Maxele.MaxeleApplication - Paths found: 2240000
2024-06-04 12:50:59 INFO  com.Maxele.Maxele.MaxeleApplication - Paths found: 2250000
2024-06-04 12:51:02 INFO  com.Maxele.Maxele.MaxeleApplication - Paths found: 2260000
2024-06-04 12:51:05 INFO  com.Maxele.Maxele.MaxeleApplication - Paths found: 2270000
2024-06-04 12:51:08 INFO  com.Maxele.Maxele.MaxeleApplication - Paths found: 2280000
2024-06-04 12:51:11 INFO  com.Maxele.Maxele.MaxeleApplication - Paths found: 2290000
2024-06-04 12:51:14 INFO  com.Maxele.Maxele.MaxeleApplication - Paths found: 2300000
2024-06-04 12:51:17 INFO  com.Maxele.Maxele.MaxeleApplication - Paths found: 2310000
2024-06-04 12:51:20 INFO  com.Maxele.Maxele.MaxeleApplication - Paths found: 2320000
2024-06-04 12:51:23 INFO  com.Maxele.Maxele.MaxeleApplication - Paths found: 2330000
2024-06-04 12:51:26 INFO  com.Maxele.Maxele.MaxeleApplication - Paths found: 2340000
2024-06-04 12:51:29 INFO  com.Maxele.Maxele.MaxeleApplication - Paths found: 2350000
2024-06-04 12:51:32 INFO  com.Maxele.Maxele.MaxeleApplication - Paths found: 2360000
2024-06-04 12:51:35 INFO  com.Maxele.Maxele.MaxeleApplication - Paths found: 2370000
2024-06-04 12:51:38 INFO  com.Maxele.Maxele.MaxeleApplication - Paths found: 2380000
2024-06-04 12:51:41 INFO  com.Maxele.Maxele.MaxeleApplication - Paths found: 2390000
2024-06-04 12:51:44 INFO  com.Maxele.Maxele.MaxeleApplication - Paths found: 2400000
2024-06-04 12:51:47 INFO  com.Maxele.Maxele.MaxeleApplication - Paths found: 2410000
2024-06-04 12:51:50 INFO  com.Maxele.Maxele.MaxeleApplication - Paths found: 2420000
2024-06-04 12:51:53 INFO  com.Maxele.Maxele.MaxeleApplication - Paths found: 2430000
2024-06-04 12:51:56 INFO  com.Maxele.Maxele.MaxeleApplication - Paths found: 2440000
2024-06-04 12:51:59 INFO  com.Maxele.Maxele.MaxeleApplication - Paths found: 2450000
2024-06-04 12:52:02 INFO  com.Maxele.Maxele.MaxeleApplication - Paths found: 2460000
2024-06-04 12:52:05 INFO  com.Maxele.Maxele.MaxeleApplication - Paths found: 2470000
2024-06-04 12:52:08 INFO  com.Maxele.Maxele.MaxeleApplication - Paths found: 2480000
2024-06-04 12:52:11 INFO  com.Maxele.Maxele.MaxeleApplication - Paths found: 2490000
2024-06-04 12:52:14 INFO  com.Maxele.Maxele.MaxeleApplication - Paths found: 2500000
2024-06-04 12:52:17 INFO  com.Maxele.Maxele.MaxeleApplication - Paths found: 2510000
2024-06-04 12:52:21 INFO  com.Maxele.Maxele.MaxeleApplication - Paths found: 2520000
2024-06-04 12:52:24 INFO  com.Maxele.Maxele.MaxeleApplication - Paths found: 2530000
2024-06-04 12:52:27 INFO  com.Maxele.Maxele.MaxeleApplication - Paths found: 2540000
2024-06-04 12:52:30 INFO  com.Maxele.Maxele.MaxeleApplication - Paths found: 2550000
2024-06-04 12:52:33 INFO  com.Maxele.Maxele.MaxeleApplication - Paths found: 2560000
2024-06-04 12:52:36 INFO  com.Maxele.Maxele.MaxeleApplication - Paths found: 2570000
2024-06-04 12:52:39 INFO  com.Maxele.Maxele.MaxeleApplication - Paths found: 2580000
2024-06-04 12:52:43 INFO  com.Maxele.Maxele.MaxeleApplication - Paths found: 2590000
2024-06-04 12:52:46 INFO  com.Maxele.Maxele.MaxeleApplication - Paths found: 2600000
2024-06-04 12:52:49 INFO  com.Maxele.Maxele.MaxeleApplication - Paths found: 2610000
2024-06-04 12:52:52 INFO  com.Maxele.Maxele.MaxeleApplication - Paths found: 2620000
2024-06-04 12:52:55 INFO  com.Maxele.Maxele.MaxeleApplication - Paths found: 2630000
2024-06-04 12:52:58 INFO  com.Maxele.Maxele.MaxeleApplication - Paths found: 2640000
2024-06-04 12:53:02 INFO  com.Maxele.Maxele.MaxeleApplication - Paths found: 2650000
2024-06-04 12:53:05 INFO  com.Maxele.Maxele.MaxeleApplication - Paths found: 2660000
2024-06-04 12:53:08 INFO  com.Maxele.Maxele.MaxeleApplication - Paths found: 2670000
2024-06-04 12:53:11 INFO  com.Maxele.Maxele.MaxeleApplication - Paths found: 2680000
2024-06-04 12:53:14 INFO  com.Maxele.Maxele.MaxeleApplication - Paths found: 2690000
2024-06-04 12:53:17 INFO  com.Maxele.Maxele.MaxeleApplication - Paths found: 2700000
2024-06-04 12:53:20 INFO  com.Maxele.Maxele.MaxeleApplication - Paths found: 2710000
2024-06-04 12:53:23 INFO  com.Maxele.Maxele.MaxeleApplication - Paths found: 2720000
2024-06-04 12:53:25 INFO  com.Maxele.Maxele.MaxeleApplication - Paths found: 2730000
2024-06-04 12:53:28 INFO  com.Maxele.Maxele.MaxeleApplication - Paths found: 2740000
2024-06-04 12:53:31 INFO  com.Maxele.Maxele.MaxeleApplication - Paths found: 2750000
2024-06-04 12:53:34 INFO  com.Maxele.Maxele.MaxeleApplication - Paths found: 2760000
2024-06-04 12:53:37 INFO  com.Maxele.Maxele.MaxeleApplication - Paths found: 2770000
2024-06-04 12:53:41 INFO  com.Maxele.Maxele.MaxeleApplication - Paths found: 2780000
2024-06-04 12:53:44 INFO  com.Maxele.Maxele.MaxeleApplication - Paths found: 2790000
2024-06-04 12:53:47 INFO  com.Maxele.Maxele.MaxeleApplication - Paths found: 2800000
2024-06-04 12:53:50 INFO  com.Maxele.Maxele.MaxeleApplication - Paths found: 2810000
2024-06-04 12:53:53 INFO  com.Maxele.Maxele.MaxeleApplication - Paths found: 2820000
2024-06-04 12:53:56 INFO  com.Maxele.Maxele.MaxeleApplication - Paths found: 2830000
2024-06-04 12:53:59 INFO  com.Maxele.Maxele.MaxeleApplication - Paths found: 2840000
2024-06-04 12:54:02 INFO  com.Maxele.Maxele.MaxeleApplication - Paths found: 2850000
2024-06-04 12:54:05 INFO  com.Maxele.Maxele.MaxeleApplication - Paths found: 2860000
2024-06-04 12:54:08 INFO  com.Maxele.Maxele.MaxeleApplication - Paths found: 2870000
2024-06-04 12:54:11 INFO  com.Maxele.Maxele.MaxeleApplication - Paths found: 2880000
2024-06-04 12:54:14 INFO  com.Maxele.Maxele.MaxeleApplication - Paths found: 2890000
2024-06-04 12:54:17 INFO  com.Maxele.Maxele.MaxeleApplication - Paths found: 2900000
2024-06-04 12:54:20 INFO  com.Maxele.Maxele.MaxeleApplication - Paths found: 2910000
2024-06-04 12:54:23 INFO  com.Maxele.Maxele.MaxeleApplication - Paths found: 2920000
2024-06-04 12:54:26 INFO  com.Maxele.Maxele.MaxeleApplication - Paths found: 2930000
2024-06-04 12:54:29 INFO  com.Maxele.Maxele.MaxeleApplication - Paths found: 2940000
2024-06-04 12:54:32 INFO  com.Maxele.Maxele.MaxeleApplication - Paths found: 2950000
2024-06-04 12:54:36 INFO  com.Maxele.Maxele.MaxeleApplication - Paths found: 2960000
2024-06-04 12:54:39 INFO  com.Maxele.Maxele.MaxeleApplication - Paths found: 2970000
2024-06-04 12:54:42 INFO  com.Maxele.Maxele.MaxeleApplication - Paths found: 2980000
2024-06-04 12:54:45 INFO  com.Maxele.Maxele.MaxeleApplication - Paths found: 2990000
2024-06-04 12:54:48 INFO  com.Maxele.Maxele.MaxeleApplication - Paths found: 3000000
2024-06-04 12:54:51 INFO  com.Maxele.Maxele.MaxeleApplication - Paths found: 3010000
2024-06-04 12:54:54 INFO  com.Maxele.Maxele.MaxeleApplication - Paths found: 3020000
2024-06-04 12:54:57 INFO  com.Maxele.Maxele.MaxeleApplication - Paths found: 3030000
2024-06-04 12:55:00 INFO  com.Maxele.Maxele.MaxeleApplication - Paths found: 3040000
2024-06-04 12:55:03 INFO  com.Maxele.Maxele.MaxeleApplication - Paths found: 3050000
2024-06-04 12:55:06 INFO  com.Maxele.Maxele.MaxeleApplication - Paths found: 3060000
2024-06-04 12:55:09 INFO  com.Maxele.Maxele.MaxeleApplication - Paths found: 3070000
2024-06-04 12:55:12 INFO  com.Maxele.Maxele.MaxeleApplication - Paths found: 3080000
2024-06-04 12:55:15 INFO  com.Maxele.Maxele.MaxeleApplication - Paths found: 3090000
2024-06-04 12:55:18 INFO  com.Maxele.Maxele.MaxeleApplication - Paths found: 3100000
2024-06-04 12:55:21 INFO  com.Maxele.Maxele.MaxeleApplication - Paths found: 3110000
2024-06-04 12:55:24 INFO  com.Maxele.Maxele.MaxeleApplication - Paths found: 3120000
2024-06-04 12:55:27 INFO  com.Maxele.Maxele.MaxeleApplication - Paths found: 3130000
2024-06-04 12:55:31 INFO  com.Maxele.Maxele.MaxeleApplication - Paths found: 3140000
2024-06-04 12:55:34 INFO  com.Maxele.Maxele.MaxeleApplication - Paths found: 3150000
2024-06-04 12:55:37 INFO  com.Maxele.Maxele.MaxeleApplication - Paths found: 3160000
2024-06-04 12:55:40 INFO  com.Maxele.Maxele.MaxeleApplication - Paths found: 3170000
2024-06-04 12:55:43 INFO  com.Maxele.Maxele.MaxeleApplication - Paths found: 3180000
2024-06-04 12:55:46 INFO  com.Maxele.Maxele.MaxeleApplication - Paths found: 3190000
2024-06-04 12:55:49 INFO  com.Maxele.Maxele.MaxeleApplication - Paths found: 3200000
2024-06-04 12:55:53 INFO  com.Maxele.Maxele.MaxeleApplication - Paths found: 3210000
2024-06-04 12:55:57 INFO  com.Maxele.Maxele.MaxeleApplication - Paths found: 3220000
2024-06-04 12:56:01 INFO  com.Maxele.Maxele.MaxeleApplication - Paths found: 3230000
2024-06-04 12:56:04 INFO  com.Maxele.Maxele.MaxeleApplication - Paths found: 3240000
2024-06-04 12:56:08 INFO  com.Maxele.Maxele.MaxeleApplication - Paths found: 3250000
2024-06-04 12:56:12 INFO  com.Maxele.Maxele.MaxeleApplication - Paths found: 3260000
2024-06-04 12:56:16 INFO  com.Maxele.Maxele.MaxeleApplication - Paths found: 3270000
2024-06-04 12:56:19 INFO  com.Maxele.Maxele.MaxeleApplication - Paths found: 3280000
2024-06-04 12:56:22 INFO  com.Maxele.Maxele.MaxeleApplication - Paths found: 3290000
2024-06-04 12:56:25 INFO  com.Maxele.Maxele.MaxeleApplication - Paths found: 3300000
2024-06-04 12:56:29 INFO  com.Maxele.Maxele.MaxeleApplication - Paths found: 3310000
2024-06-04 12:56:32 INFO  com.Maxele.Maxele.MaxeleApplication - Paths found: 3320000
2024-06-04 12:56:35 INFO  com.Maxele.Maxele.MaxeleApplication - Paths found: 3330000
2024-06-04 12:56:39 INFO  com.Maxele.Maxele.MaxeleApplication - Paths found: 3340000
2024-06-04 12:56:42 INFO  com.Maxele.Maxele.MaxeleApplication - Paths found: 3350000
2024-06-04 12:56:45 INFO  com.Maxele.Maxele.MaxeleApplication - Paths found: 3360000
2024-06-04 12:56:49 INFO  com.Maxele.Maxele.MaxeleApplication - Paths found: 3370000
2024-06-04 12:56:52 INFO  com.Maxele.Maxele.MaxeleApplication - Paths found: 3380000
2024-06-04 12:56:55 INFO  com.Maxele.Maxele.MaxeleApplication - Paths found: 3390000
2024-06-04 12:56:58 INFO  com.Maxele.Maxele.MaxeleApplication - Paths found: 3400000
2024-06-04 12:57:01 INFO  com.Maxele.Maxele.MaxeleApplication - Paths found: 3410000
2024-06-04 12:57:05 INFO  com.Maxele.Maxele.MaxeleApplication - Paths found: 3420000
2024-06-04 12:57:08 INFO  com.Maxele.Maxele.MaxeleApplication - Paths found: 3430000
2024-06-04 12:57:11 INFO  com.Maxele.Maxele.MaxeleApplication - Paths found: 3440000
2024-06-04 12:57:14 INFO  com.Maxele.Maxele.MaxeleApplication - Paths found: 3450000
2024-06-04 12:57:18 INFO  com.Maxele.Maxele.MaxeleApplication - Paths found: 3460000
2024-06-04 12:57:21 INFO  com.Maxele.Maxele.MaxeleApplication - Paths found: 3470000
2024-06-04 12:57:24 INFO  com.Maxele.Maxele.MaxeleApplication - Paths found: 3480000
2024-06-04 12:57:27 INFO  com.Maxele.Maxele.MaxeleApplication - Paths found: 3490000
2024-06-04 12:57:31 INFO  com.Maxele.Maxele.MaxeleApplication - Paths found: 3500000
2024-06-04 12:57:34 INFO  com.Maxele.Maxele.MaxeleApplication - Paths found: 3510000
2024-06-04 12:57:38 INFO  com.Maxele.Maxele.MaxeleApplication - Paths found: 3520000
2024-06-04 12:57:41 INFO  com.Maxele.Maxele.MaxeleApplication - Paths found: 3530000
2024-06-04 12:57:45 INFO  com.Maxele.Maxele.MaxeleApplication - Paths found: 3540000
2024-06-04 12:57:48 INFO  com.Maxele.Maxele.MaxeleApplication - Paths found: 3550000
2024-06-04 12:57:51 INFO  com.Maxele.Maxele.MaxeleApplication - Paths found: 3560000
2024-06-04 12:57:54 INFO  com.Maxele.Maxele.MaxeleApplication - Paths found: 3570000
2024-06-04 12:57:58 INFO  com.Maxele.Maxele.MaxeleApplication - Paths found: 3580000
2024-06-04 12:58:01 INFO  com.Maxele.Maxele.MaxeleApplication - Paths found: 3590000
2024-06-04 12:58:04 INFO  com.Maxele.Maxele.MaxeleApplication - Paths found: 3600000
2024-06-04 12:58:08 INFO  com.Maxele.Maxele.MaxeleApplication - Paths found: 3610000
2024-06-04 12:58:11 INFO  com.Maxele.Maxele.MaxeleApplication - Paths found: 3620000
2024-06-04 12:58:14 INFO  com.Maxele.Maxele.MaxeleApplication - Paths found: 3630000
2024-06-04 12:58:17 INFO  com.Maxele.Maxele.MaxeleApplication - Paths found: 3640000
2024-06-04 12:58:21 INFO  com.Maxele.Maxele.MaxeleApplication - Paths found: 3650000
2024-06-04 12:58:24 INFO  com.Maxele.Maxele.MaxeleApplication - Paths found: 3660000
2024-06-04 12:58:27 INFO  com.Maxele.Maxele.MaxeleApplication - Paths found: 3670000
2024-06-04 12:58:30 INFO  com.Maxele.Maxele.MaxeleApplication - Paths found: 3680000
2024-06-04 12:58:33 INFO  com.Maxele.Maxele.MaxeleApplication - Paths found: 3690000
2024-06-04 12:58:36 INFO  com.Maxele.Maxele.MaxeleApplication - Paths found: 3700000
2024-06-04 12:58:39 INFO  com.Maxele.Maxele.MaxeleApplication - Paths found: 3710000
2024-06-04 12:58:43 INFO  com.Maxele.Maxele.MaxeleApplication - Paths found: 3720000
2024-06-04 12:58:46 INFO  com.Maxele.Maxele.MaxeleApplication - Paths found: 3730000
2024-06-04 12:58:49 INFO  com.Maxele.Maxele.MaxeleApplication - Paths found: 3740000
2024-06-04 12:58:51 INFO  com.Maxele.Maxele.MaxeleApplication - New best elevation gain: 310.0517883300781 meters
2024-06-04 12:58:51 INFO  com.Maxele.Maxele.MaxeleApplication - New best elevation gain: 310.3216247558594 meters
2024-06-04 12:58:51 INFO  com.Maxele.Maxele.MaxeleApplication - New best elevation gain: 310.5920867919922 meters
2024-06-04 12:58:51 INFO  com.Maxele.Maxele.MaxeleApplication - New best elevation gain: 310.86192321777344 meters
2024-06-04 12:58:51 INFO  com.Maxele.Maxele.MaxeleApplication - New best elevation gain: 311.0710144042969 meters
2024-06-04 12:58:52 INFO  com.Maxele.Maxele.MaxeleApplication - Paths found: 3750000
2024-06-04 12:58:56 INFO  com.Maxele.Maxele.MaxeleApplication - Paths found: 3760000
2024-06-04 12:58:59 INFO  com.Maxele.Maxele.MaxeleApplication - Paths found: 3770000
2024-06-04 12:59:03 INFO  com.Maxele.Maxele.MaxeleApplication - Paths found: 3780000
2024-06-04 12:59:06 INFO  com.Maxele.Maxele.MaxeleApplication - Paths found: 3790000
2024-06-04 12:59:07 INFO  com.Maxele.Maxele.MaxeleApplication - New best elevation gain: 311.10174560546875 meters
2024-06-04 12:59:07 INFO  com.Maxele.Maxele.MaxeleApplication - New best elevation gain: 311.37220764160156 meters
2024-06-04 12:59:07 INFO  com.Maxele.Maxele.MaxeleApplication - New best elevation gain: 311.6420440673828 meters
2024-06-04 12:59:07 INFO  com.Maxele.Maxele.MaxeleApplication - New best elevation gain: 311.85113525390625 meters
2024-06-04 12:59:09 INFO  com.Maxele.Maxele.MaxeleApplication - Paths found: 3800000
2024-06-04 12:59:13 INFO  com.Maxele.Maxele.MaxeleApplication - Paths found: 3810000
2024-06-04 12:59:17 INFO  com.Maxele.Maxele.MaxeleApplication - Paths found: 3820000
2024-06-04 12:59:19 INFO  com.Maxele.Maxele.MaxeleApplication - New best elevation gain: 311.93267822265625 meters
2024-06-04 12:59:20 INFO  com.Maxele.Maxele.MaxeleApplication - Paths found: 3830000
2024-06-04 12:59:24 INFO  com.Maxele.Maxele.MaxeleApplication - Paths found: 3840000
2024-06-04 12:59:27 INFO  com.Maxele.Maxele.MaxeleApplication - Paths found: 3850000
2024-06-04 12:59:30 INFO  com.Maxele.Maxele.MaxeleApplication - Paths found: 3860000
2024-06-04 12:59:34 INFO  com.Maxele.Maxele.MaxeleApplication - Paths found: 3870000
2024-06-04 12:59:37 INFO  com.Maxele.Maxele.MaxeleApplication - Paths found: 3880000
2024-06-04 12:59:40 INFO  com.Maxele.Maxele.MaxeleApplication - Paths found: 3890000
2024-06-04 12:59:44 INFO  com.Maxele.Maxele.MaxeleApplication - Paths found: 3900000
2024-06-04 12:59:47 INFO  com.Maxele.Maxele.MaxeleApplication - Paths found: 3910000
2024-06-04 12:59:50 INFO  com.Maxele.Maxele.MaxeleApplication - Paths found: 3920000
2024-06-04 12:59:53 INFO  com.Maxele.Maxele.MaxeleApplication - Paths found: 3930000
2024-06-04 12:59:56 INFO  com.Maxele.Maxele.MaxeleApplication - Paths found: 3940000
2024-06-04 12:59:59 INFO  com.Maxele.Maxele.MaxeleApplication - Paths found: 3950000
2024-06-04 13:00:03 INFO  com.Maxele.Maxele.MaxeleApplication - Paths found: 3960000
2024-06-04 13:00:06 INFO  com.Maxele.Maxele.MaxeleApplication - Paths found: 3970000
2024-06-04 13:00:09 INFO  com.Maxele.Maxele.MaxeleApplication - Paths found: 3980000
2024-06-04 13:00:12 INFO  com.Maxele.Maxele.MaxeleApplication - Paths found: 3990000
2024-06-04 13:00:17 INFO  com.Maxele.Maxele.MaxeleApplication - Paths found: 4000000
2024-06-04 13:00:21 INFO  com.Maxele.Maxele.MaxeleApplication - Paths found: 4010000
2024-06-04 13:00:26 INFO  com.Maxele.Maxele.MaxeleApplication - Paths found: 4020000
2024-06-04 13:00:27 INFO  com.Maxele.Maxele.MaxeleApplication - Starting MaxeleApplication using Java 20.0.2 with PID 16812 (C:\Users\Utente\Desktop\maxe\Maxele\build\classes\java\main started by Utente in C:\Users\Utente\Desktop\maxe\Maxele)
2024-06-04 13:00:27 INFO  com.Maxele.Maxele.MaxeleApplication - No active profile set, falling back to 1 default profile: "default"
2024-06-04 13:00:27 INFO  o.s.b.d.e.DevToolsPropertyDefaultsPostProcessor - Devtools property defaults active! Set 'spring.devtools.add-properties' to 'false' to disable
2024-06-04 13:00:30 INFO  o.s.b.w.e.tomcat.TomcatWebServer - Tomcat initialized with port 8080 (http)
2024-06-04 13:00:30 INFO  o.a.coyote.http11.Http11NioProtocol - Initializing ProtocolHandler ["http-nio-8080"]
2024-06-04 13:00:30 INFO  o.a.catalina.core.StandardService - Starting service [Tomcat]
2024-06-04 13:00:30 INFO  o.a.catalina.core.StandardEngine - Starting Servlet engine: [Apache Tomcat/10.1.24]
2024-06-04 13:00:30 INFO  o.a.c.c.C.[Tomcat].[localhost].[/] - Initializing Spring embedded WebApplicationContext
2024-06-04 13:00:30 INFO  o.s.b.w.s.c.ServletWebServerApplicationContext - Root WebApplicationContext: initialization completed in 2368 ms
2024-06-04 13:00:31 WARN  o.s.b.d.a.OptionalLiveReloadServer - Unable to start LiveReload server
2024-06-04 13:00:31 INFO  o.a.coyote.http11.Http11NioProtocol - Starting ProtocolHandler ["http-nio-8080"]
2024-06-04 13:00:31 WARN  o.s.b.w.s.c.AnnotationConfigServletWebServerApplicationContext - Exception encountered during context initialization - cancelling refresh attempt: org.springframework.context.ApplicationContextException: Failed to start bean 'webServerStartStop'
2024-06-04 13:00:31 INFO  o.s.b.a.l.ConditionEvaluationReportLogger - 

Error starting ApplicationContext. To display the condition evaluation report re-run your application with 'debug' enabled.
2024-06-04 13:00:31 ERROR o.s.b.d.LoggingFailureAnalysisReporter - 

***************************
APPLICATION FAILED TO START
***************************

Description:

Web server failed to start. Port 8080 was already in use.

Action:

Identify and stop the process that's listening on port 8080 or configure this application to listen on another port.

2024-06-04 13:00:31 INFO  com.Maxele.Maxele.MaxeleApplication - Paths found: 4030000
2024-06-04 13:03:25 INFO  com.Maxele.Maxele.MaxeleApplication - Starting MaxeleApplication using Java 20.0.2 with PID 11116 (C:\Users\Utente\Desktop\maxe\Maxele\build\classes\java\main started by Utente in C:\Users\Utente\Desktop\maxe\Maxele)
2024-06-04 13:03:25 INFO  com.Maxele.Maxele.MaxeleApplication - No active profile set, falling back to 1 default profile: "default"
2024-06-04 13:03:25 INFO  o.s.b.d.e.DevToolsPropertyDefaultsPostProcessor - Devtools property defaults active! Set 'spring.devtools.add-properties' to 'false' to disable
2024-06-04 13:03:26 INFO  o.s.b.w.e.tomcat.TomcatWebServer - Tomcat initialized with port 8080 (http)
2024-06-04 13:03:26 INFO  o.a.coyote.http11.Http11NioProtocol - Initializing ProtocolHandler ["http-nio-8080"]
2024-06-04 13:03:26 INFO  o.a.catalina.core.StandardService - Starting service [Tomcat]
2024-06-04 13:03:26 INFO  o.a.catalina.core.StandardEngine - Starting Servlet engine: [Apache Tomcat/10.1.24]
2024-06-04 13:03:26 INFO  o.a.c.c.C.[Tomcat].[localhost].[/] - Initializing Spring embedded WebApplicationContext
2024-06-04 13:03:26 INFO  o.s.b.w.s.c.ServletWebServerApplicationContext - Root WebApplicationContext: initialization completed in 1226 ms
2024-06-04 13:03:26 INFO  o.s.b.d.a.OptionalLiveReloadServer - LiveReload server is running on port 35729
2024-06-04 13:03:26 INFO  o.a.coyote.http11.Http11NioProtocol - Starting ProtocolHandler ["http-nio-8080"]
2024-06-04 13:03:26 INFO  o.s.b.w.e.tomcat.TomcatWebServer - Tomcat started on port 8080 (http) with context path '/'
2024-06-04 13:03:26 INFO  com.Maxele.Maxele.MaxeleApplication - Started MaxeleApplication in 2.244 seconds (process running for 2.686)
2024-06-04 13:03:26 INFO  com.Maxele.Maxele.MaxeleApplication - New best elevation gain: 206.36521911621094 meters
2024-06-04 13:03:26 INFO  com.Maxele.Maxele.MaxeleApplication - New best elevation gain: 250.18797302246094 meters
2024-06-04 13:03:26 INFO  com.Maxele.Maxele.MaxeleApplication - New best elevation gain: 254.83892822265625 meters
2024-06-04 13:03:26 INFO  com.Maxele.Maxele.MaxeleApplication - New best elevation gain: 260.28375244140625 meters
2024-06-04 13:03:26 INFO  com.Maxele.Maxele.MaxeleApplication - New best elevation gain: 264.93470764160156 meters
2024-06-04 13:03:26 INFO  com.Maxele.Maxele.MaxeleApplication - New best elevation gain: 265.4503631591797 meters
2024-06-04 13:03:26 INFO  com.Maxele.Maxele.MaxeleApplication - New best elevation gain: 270.8951873779297 meters
2024-06-04 13:03:26 INFO  com.Maxele.Maxele.MaxeleApplication - New best elevation gain: 275.546142578125 meters
2024-06-04 13:03:26 INFO  com.Maxele.Maxele.MaxeleApplication - New best elevation gain: 276.180908203125 meters
2024-06-04 13:03:26 INFO  com.Maxele.Maxele.MaxeleApplication - New best elevation gain: 280.8318634033203 meters
2024-06-04 13:03:26 INFO  com.Maxele.Maxele.MaxeleApplication - New best elevation gain: 281.10169982910156 meters
2024-06-04 13:03:26 INFO  com.Maxele.Maxele.MaxeleApplication - New best elevation gain: 283.2844543457031 meters
2024-06-04 13:03:26 INFO  com.Maxele.Maxele.MaxeleApplication - New best elevation gain: 288.7292785644531 meters
2024-06-04 13:03:26 INFO  com.Maxele.Maxele.MaxeleApplication - New best elevation gain: 293.38023376464844 meters
2024-06-04 13:03:26 INFO  com.Maxele.Maxele.MaxeleApplication - New best elevation gain: 293.6500701904297 meters
2024-06-04 13:03:27 INFO  com.Maxele.Maxele.MaxeleApplication - New best elevation gain: 294.77227783203125 meters
2024-06-04 13:03:27 INFO  com.Maxele.Maxele.MaxeleApplication - New best elevation gain: 300.21710205078125 meters
2024-06-04 13:03:27 INFO  com.Maxele.Maxele.MaxeleApplication - New best elevation gain: 304.86805725097656 meters
2024-06-04 13:03:27 INFO  com.Maxele.Maxele.MaxeleApplication - New best elevation gain: 305.1378936767578 meters
2024-06-04 13:03:27 INFO  com.Maxele.Maxele.MaxeleApplication - New best elevation gain: 305.4083557128906 meters
2024-06-04 13:03:27 INFO  com.Maxele.Maxele.MaxeleApplication - New best elevation gain: 305.6781921386719 meters
2024-06-04 13:03:27 INFO  com.Maxele.Maxele.MaxeleApplication - New best elevation gain: 305.8872833251953 meters
2024-06-04 13:03:29 INFO  com.Maxele.Maxele.MaxeleApplication - New best elevation gain: 307.8193359375 meters
2024-06-04 13:03:29 INFO  com.Maxele.Maxele.MaxeleApplication - New best elevation gain: 308.08917236328125 meters
2024-06-04 13:03:29 INFO  com.Maxele.Maxele.MaxeleApplication - New best elevation gain: 308.35963439941406 meters
2024-06-04 13:03:29 INFO  com.Maxele.Maxele.MaxeleApplication - New best elevation gain: 308.6294708251953 meters
2024-06-04 13:03:29 INFO  com.Maxele.Maxele.MaxeleApplication - New best elevation gain: 308.83856201171875 meters
2024-06-04 13:03:30 INFO  com.Maxele.Maxele.MaxeleApplication - Paths found: 10000
2024-06-04 13:04:21 INFO  com.Maxele.Maxele.MaxeleApplication - Starting MaxeleApplication using Java 20.0.2 with PID 10776 (C:\Users\Utente\Desktop\maxe\Maxele\build\classes\java\main started by Utente in C:\Users\Utente\Desktop\maxe\Maxele)
2024-06-04 13:04:21 INFO  com.Maxele.Maxele.MaxeleApplication - No active profile set, falling back to 1 default profile: "default"
2024-06-04 13:04:21 INFO  o.s.b.d.e.DevToolsPropertyDefaultsPostProcessor - Devtools property defaults active! Set 'spring.devtools.add-properties' to 'false' to disable
2024-06-04 13:04:22 INFO  o.s.b.w.e.tomcat.TomcatWebServer - Tomcat initialized with port 8080 (http)
2024-06-04 13:04:22 INFO  o.a.coyote.http11.Http11NioProtocol - Initializing ProtocolHandler ["http-nio-8080"]
2024-06-04 13:04:22 INFO  o.a.catalina.core.StandardService - Starting service [Tomcat]
2024-06-04 13:04:22 INFO  o.a.catalina.core.StandardEngine - Starting Servlet engine: [Apache Tomcat/10.1.24]
2024-06-04 13:04:23 INFO  o.a.c.c.C.[Tomcat].[localhost].[/] - Initializing Spring embedded WebApplicationContext
2024-06-04 13:04:23 INFO  o.s.b.w.s.c.ServletWebServerApplicationContext - Root WebApplicationContext: initialization completed in 1290 ms
2024-06-04 13:04:23 INFO  o.s.b.d.a.OptionalLiveReloadServer - LiveReload server is running on port 35729
2024-06-04 13:04:23 INFO  o.a.coyote.http11.Http11NioProtocol - Starting ProtocolHandler ["http-nio-8080"]
2024-06-04 13:04:23 INFO  o.s.b.w.e.tomcat.TomcatWebServer - Tomcat started on port 8080 (http) with context path '/'
2024-06-04 13:04:23 INFO  com.Maxele.Maxele.MaxeleApplication - Started MaxeleApplication in 2.255 seconds (process running for 2.655)
2024-06-04 13:04:23 INFO  com.Maxele.Maxele.MaxeleApplication - New best elevation gain: 206.36521911621094 meters
2024-06-04 13:04:23 INFO  com.Maxele.Maxele.MaxeleApplication - New best elevation gain: 250.18797302246094 meters
2024-06-04 13:04:23 INFO  com.Maxele.Maxele.MaxeleApplication - New best elevation gain: 254.83892822265625 meters
2024-06-04 13:04:23 INFO  com.Maxele.Maxele.MaxeleApplication - New best elevation gain: 260.28375244140625 meters
2024-06-04 13:04:23 INFO  com.Maxele.Maxele.MaxeleApplication - New best elevation gain: 264.93470764160156 meters
2024-06-04 13:04:23 INFO  com.Maxele.Maxele.MaxeleApplication - New best elevation gain: 265.4503631591797 meters
2024-06-04 13:04:23 INFO  com.Maxele.Maxele.MaxeleApplication - New best elevation gain: 270.8951873779297 meters
2024-06-04 13:04:23 INFO  com.Maxele.Maxele.MaxeleApplication - New best elevation gain: 275.546142578125 meters
2024-06-04 13:04:23 INFO  com.Maxele.Maxele.MaxeleApplication - New best elevation gain: 276.180908203125 meters
2024-06-04 13:04:23 INFO  com.Maxele.Maxele.MaxeleApplication - New best elevation gain: 280.8318634033203 meters
2024-06-04 13:04:23 INFO  com.Maxele.Maxele.MaxeleApplication - New best elevation gain: 281.10169982910156 meters
2024-06-04 13:04:23 INFO  com.Maxele.Maxele.MaxeleApplication - New best elevation gain: 283.2844543457031 meters
2024-06-04 13:04:23 INFO  com.Maxele.Maxele.MaxeleApplication - New best elevation gain: 288.7292785644531 meters
2024-06-04 13:04:23 INFO  com.Maxele.Maxele.MaxeleApplication - New best elevation gain: 293.38023376464844 meters
2024-06-04 13:04:23 INFO  com.Maxele.Maxele.MaxeleApplication - New best elevation gain: 293.6500701904297 meters
2024-06-04 13:04:23 INFO  com.Maxele.Maxele.MaxeleApplication - New best elevation gain: 294.77227783203125 meters
2024-06-04 13:04:23 INFO  com.Maxele.Maxele.MaxeleApplication - New best elevation gain: 300.21710205078125 meters
2024-06-04 13:04:23 INFO  com.Maxele.Maxele.MaxeleApplication - New best elevation gain: 304.86805725097656 meters
2024-06-04 13:04:23 INFO  com.Maxele.Maxele.MaxeleApplication - New best elevation gain: 305.1378936767578 meters
2024-06-04 13:04:23 INFO  com.Maxele.Maxele.MaxeleApplication - New best elevation gain: 305.4083557128906 meters
2024-06-04 13:04:23 INFO  com.Maxele.Maxele.MaxeleApplication - New best elevation gain: 305.6781921386719 meters
2024-06-04 13:04:24 INFO  com.Maxele.Maxele.MaxeleApplication - New best elevation gain: 305.8872833251953 meters
2024-06-04 13:04:25 INFO  com.Maxele.Maxele.MaxeleApplication - New best elevation gain: 307.8193359375 meters
2024-06-04 13:04:25 INFO  com.Maxele.Maxele.MaxeleApplication - New best elevation gain: 308.08917236328125 meters
2024-06-04 13:04:25 INFO  com.Maxele.Maxele.MaxeleApplication - New best elevation gain: 308.35963439941406 meters
2024-06-04 13:04:25 INFO  com.Maxele.Maxele.MaxeleApplication - New best elevation gain: 308.6294708251953 meters
2024-06-04 13:04:25 INFO  com.Maxele.Maxele.MaxeleApplication - New best elevation gain: 308.83856201171875 meters
2024-06-04 13:04:26 INFO  com.Maxele.Maxele.MaxeleApplication - Paths found: 10000
2024-06-04 13:04:29 INFO  com.Maxele.Maxele.MaxeleApplication - Paths found: 20000
2024-06-04 13:04:33 INFO  com.Maxele.Maxele.MaxeleApplication - Paths found: 30000
2024-06-04 13:04:36 INFO  com.Maxele.Maxele.MaxeleApplication - Paths found: 40000
2024-06-04 13:04:39 INFO  com.Maxele.Maxele.MaxeleApplication - Paths found: 50000
2024-06-04 13:04:40 INFO  com.Maxele.Maxele.MaxeleApplication - New best elevation gain: 308.8692932128906 meters
2024-06-04 13:04:40 INFO  com.Maxele.Maxele.MaxeleApplication - New best elevation gain: 309.13975524902344 meters
2024-06-04 13:04:40 INFO  com.Maxele.Maxele.MaxeleApplication - New best elevation gain: 309.4095916748047 meters
2024-06-04 13:04:41 INFO  com.Maxele.Maxele.MaxeleApplication - New best elevation gain: 309.6186828613281 meters
2024-06-04 13:04:43 INFO  com.Maxele.Maxele.MaxeleApplication - Paths found: 60000
2024-06-04 13:04:46 INFO  com.Maxele.Maxele.MaxeleApplication - Paths found: 70000
2024-06-04 13:04:49 INFO  com.Maxele.Maxele.MaxeleApplication - Paths found: 80000
2024-06-04 13:04:51 INFO  com.Maxele.Maxele.MaxeleApplication - New best elevation gain: 309.7002258300781 meters
2024-06-04 13:04:52 INFO  com.Maxele.Maxele.MaxeleApplication - Paths found: 90000
2024-06-04 13:04:56 INFO  com.Maxele.Maxele.MaxeleApplication - Paths found: 100000
2024-06-04 13:04:59 INFO  com.Maxele.Maxele.MaxeleApplication - Paths found: 110000
2024-06-04 13:05:02 INFO  com.Maxele.Maxele.MaxeleApplication - Paths found: 120000
2024-06-04 13:05:05 INFO  com.Maxele.Maxele.MaxeleApplication - Paths found: 130000
2024-06-04 13:05:09 INFO  com.Maxele.Maxele.MaxeleApplication - Paths found: 140000
2024-06-04 13:05:12 INFO  com.Maxele.Maxele.MaxeleApplication - Paths found: 150000
2024-06-04 13:05:18 INFO  com.Maxele.Maxele.MaxeleApplication - Starting MaxeleApplication using Java 20.0.2 with PID 10228 (C:\Users\Utente\Desktop\maxe\Maxele\build\classes\java\main started by Utente in C:\Users\Utente\Desktop\maxe\Maxele)
2024-06-04 13:05:18 INFO  com.Maxele.Maxele.MaxeleApplication - No active profile set, falling back to 1 default profile: "default"
2024-06-04 13:05:18 INFO  o.s.b.d.e.DevToolsPropertyDefaultsPostProcessor - Devtools property defaults active! Set 'spring.devtools.add-properties' to 'false' to disable
2024-06-04 13:05:19 INFO  o.s.b.w.e.tomcat.TomcatWebServer - Tomcat initialized with port 8080 (http)
2024-06-04 13:05:19 INFO  o.a.coyote.http11.Http11NioProtocol - Initializing ProtocolHandler ["http-nio-8080"]
2024-06-04 13:05:19 INFO  o.a.catalina.core.StandardService - Starting service [Tomcat]
2024-06-04 13:05:19 INFO  o.a.catalina.core.StandardEngine - Starting Servlet engine: [Apache Tomcat/10.1.24]
2024-06-04 13:05:19 INFO  o.a.c.c.C.[Tomcat].[localhost].[/] - Initializing Spring embedded WebApplicationContext
2024-06-04 13:05:19 INFO  o.s.b.w.s.c.ServletWebServerApplicationContext - Root WebApplicationContext: initialization completed in 1271 ms
2024-06-04 13:05:20 INFO  o.s.b.d.a.OptionalLiveReloadServer - LiveReload server is running on port 35729
2024-06-04 13:05:20 INFO  o.a.coyote.http11.Http11NioProtocol - Starting ProtocolHandler ["http-nio-8080"]
2024-06-04 13:05:20 INFO  o.s.b.w.e.tomcat.TomcatWebServer - Tomcat started on port 8080 (http) with context path '/'
2024-06-04 13:05:20 INFO  com.Maxele.Maxele.MaxeleApplication - Started MaxeleApplication in 2.334 seconds (process running for 2.752)
2024-06-04 13:05:20 INFO  com.Maxele.Maxele.MaxeleApplication - New best elevation gain: 206.36521911621094 meters
2024-06-04 13:05:20 INFO  com.Maxele.Maxele.MaxeleApplication - New best elevation gain: 250.18797302246094 meters
2024-06-04 13:05:20 INFO  com.Maxele.Maxele.MaxeleApplication - New best elevation gain: 254.83892822265625 meters
2024-06-04 13:05:20 INFO  com.Maxele.Maxele.MaxeleApplication - New best elevation gain: 260.28375244140625 meters
2024-06-04 13:05:20 INFO  com.Maxele.Maxele.MaxeleApplication - New best elevation gain: 264.93470764160156 meters
2024-06-04 13:05:20 INFO  com.Maxele.Maxele.MaxeleApplication - New best elevation gain: 265.4503631591797 meters
2024-06-04 13:05:20 INFO  com.Maxele.Maxele.MaxeleApplication - New best elevation gain: 270.8951873779297 meters
2024-06-04 13:05:20 INFO  com.Maxele.Maxele.MaxeleApplication - New best elevation gain: 275.546142578125 meters
2024-06-04 13:05:20 INFO  com.Maxele.Maxele.MaxeleApplication - New best elevation gain: 276.180908203125 meters
2024-06-04 13:05:20 INFO  com.Maxele.Maxele.MaxeleApplication - New best elevation gain: 280.8318634033203 meters
2024-06-04 13:05:20 INFO  com.Maxele.Maxele.MaxeleApplication - New best elevation gain: 281.10169982910156 meters
2024-06-04 13:05:20 INFO  com.Maxele.Maxele.MaxeleApplication - New best elevation gain: 283.2844543457031 meters
2024-06-04 13:05:20 INFO  com.Maxele.Maxele.MaxeleApplication - New best elevation gain: 288.7292785644531 meters
2024-06-04 13:05:20 INFO  com.Maxele.Maxele.MaxeleApplication - New best elevation gain: 293.38023376464844 meters
2024-06-04 13:05:20 INFO  com.Maxele.Maxele.MaxeleApplication - New best elevation gain: 293.6500701904297 meters
2024-06-04 13:05:20 INFO  com.Maxele.Maxele.MaxeleApplication - New best elevation gain: 294.77227783203125 meters
2024-06-04 13:05:20 INFO  com.Maxele.Maxele.MaxeleApplication - New best elevation gain: 300.21710205078125 meters
2024-06-04 13:05:20 INFO  com.Maxele.Maxele.MaxeleApplication - New best elevation gain: 304.86805725097656 meters
2024-06-04 13:05:20 INFO  com.Maxele.Maxele.MaxeleApplication - New best elevation gain: 305.1378936767578 meters
2024-06-04 13:05:20 INFO  com.Maxele.Maxele.MaxeleApplication - New best elevation gain: 305.4083557128906 meters
2024-06-04 13:05:20 INFO  com.Maxele.Maxele.MaxeleApplication - New best elevation gain: 305.6781921386719 meters
2024-06-04 13:05:20 INFO  com.Maxele.Maxele.MaxeleApplication - New best elevation gain: 305.8872833251953 meters
2024-06-04 13:05:22 INFO  com.Maxele.Maxele.MaxeleApplication - New best elevation gain: 307.8193359375 meters
2024-06-04 13:05:22 INFO  com.Maxele.Maxele.MaxeleApplication - New best elevation gain: 308.08917236328125 meters
2024-06-04 13:05:22 INFO  com.Maxele.Maxele.MaxeleApplication - New best elevation gain: 308.35963439941406 meters
2024-06-04 13:05:22 INFO  com.Maxele.Maxele.MaxeleApplication - New best elevation gain: 308.6294708251953 meters
2024-06-04 13:05:22 INFO  com.Maxele.Maxele.MaxeleApplication - New best elevation gain: 308.83856201171875 meters
2024-06-04 13:05:23 INFO  com.Maxele.Maxele.MaxeleApplication - Paths found: 10000
2024-06-04 13:05:26 INFO  com.Maxele.Maxele.MaxeleApplication - Paths found: 20000
2024-06-04 13:05:30 INFO  com.Maxele.Maxele.MaxeleApplication - Paths found: 30000
2024-06-04 13:05:33 INFO  com.Maxele.Maxele.MaxeleApplication - Paths found: 40000
2024-06-04 13:05:37 INFO  com.Maxele.Maxele.MaxeleApplication - Paths found: 50000
2024-06-04 13:05:37 INFO  com.Maxele.Maxele.MaxeleApplication - New best elevation gain: 308.8692932128906 meters
2024-06-04 13:05:38 INFO  com.Maxele.Maxele.MaxeleApplication - New best elevation gain: 309.13975524902344 meters
2024-06-04 13:05:38 INFO  com.Maxele.Maxele.MaxeleApplication - New best elevation gain: 309.4095916748047 meters
2024-06-04 13:05:38 INFO  com.Maxele.Maxele.MaxeleApplication - New best elevation gain: 309.6186828613281 meters
2024-06-04 13:05:40 INFO  com.Maxele.Maxele.MaxeleApplication - Paths found: 60000
2024-06-04 13:05:43 INFO  com.Maxele.Maxele.MaxeleApplication - Paths found: 70000
2024-06-04 13:05:48 INFO  com.Maxele.Maxele.MaxeleApplication - Paths found: 80000
2024-06-04 13:05:50 INFO  com.Maxele.Maxele.MaxeleApplication - New best elevation gain: 309.7002258300781 meters
2024-06-04 13:05:51 INFO  com.Maxele.Maxele.MaxeleApplication - Paths found: 90000
2024-06-04 13:05:54 INFO  com.Maxele.Maxele.MaxeleApplication - Paths found: 100000
2024-06-04 13:05:58 INFO  com.Maxele.Maxele.MaxeleApplication - Paths found: 110000
2024-06-04 13:06:01 INFO  com.Maxele.Maxele.MaxeleApplication - Paths found: 120000
2024-06-04 13:06:04 INFO  com.Maxele.Maxele.MaxeleApplication - Paths found: 130000
2024-06-04 13:06:08 INFO  com.Maxele.Maxele.MaxeleApplication - Paths found: 140000
2024-06-04 13:06:11 INFO  com.Maxele.Maxele.MaxeleApplication - Paths found: 150000
2024-06-04 13:06:15 INFO  com.Maxele.Maxele.MaxeleApplication - Paths found: 160000
2024-06-04 13:06:18 INFO  com.Maxele.Maxele.MaxeleApplication - Paths found: 170000
2024-06-04 13:06:19 INFO  o.a.c.c.C.[Tomcat].[localhost].[/] - Initializing Spring DispatcherServlet 'dispatcherServlet'
2024-06-04 13:06:19 INFO  o.s.web.servlet.DispatcherServlet - Initializing Servlet 'dispatcherServlet'
2024-06-04 13:06:19 INFO  o.s.web.servlet.DispatcherServlet - Completed initialization in 0 ms
2024-06-04 13:06:22 INFO  com.Maxele.Maxele.MaxeleApplication - Paths found: 180000
2024-06-04 13:06:25 INFO  com.Maxele.Maxele.MaxeleApplication - Paths found: 190000
2024-06-04 13:06:29 INFO  com.Maxele.Maxele.MaxeleApplication - Paths found: 200000
2024-06-04 13:06:32 INFO  com.Maxele.Maxele.MaxeleApplication - Paths found: 210000
2024-06-04 13:06:35 INFO  com.Maxele.Maxele.MaxeleApplication - Paths found: 220000
2024-06-04 13:06:39 INFO  com.Maxele.Maxele.MaxeleApplication - Paths found: 230000
2024-06-04 13:06:42 INFO  com.Maxele.Maxele.MaxeleApplication - Paths found: 240000
2024-06-04 13:06:46 INFO  com.Maxele.Maxele.MaxeleApplication - Paths found: 250000
2024-06-04 13:06:49 INFO  com.Maxele.Maxele.MaxeleApplication - Paths found: 260000
2024-06-04 13:08:26 INFO  com.Maxele.Maxele.MaxeleApplication - Starting MaxeleApplication using Java 20.0.2 with PID 4340 (C:\Users\Utente\Desktop\maxe\Maxele\build\classes\java\main started by Utente in C:\Users\Utente\Desktop\maxe\Maxele)
2024-06-04 13:08:26 INFO  com.Maxele.Maxele.MaxeleApplication - No active profile set, falling back to 1 default profile: "default"
2024-06-04 13:08:26 INFO  o.s.b.d.e.DevToolsPropertyDefaultsPostProcessor - Devtools property defaults active! Set 'spring.devtools.add-properties' to 'false' to disable
2024-06-04 13:08:27 INFO  o.s.b.w.e.tomcat.TomcatWebServer - Tomcat initialized with port 8080 (http)
2024-06-04 13:08:27 INFO  o.a.coyote.http11.Http11NioProtocol - Initializing ProtocolHandler ["http-nio-8080"]
2024-06-04 13:08:27 INFO  o.a.catalina.core.StandardService - Starting service [Tomcat]
2024-06-04 13:08:27 INFO  o.a.catalina.core.StandardEngine - Starting Servlet engine: [Apache Tomcat/10.1.24]
2024-06-04 13:08:27 INFO  o.a.c.c.C.[Tomcat].[localhost].[/] - Initializing Spring embedded WebApplicationContext
2024-06-04 13:08:27 INFO  o.s.b.w.s.c.ServletWebServerApplicationContext - Root WebApplicationContext: initialization completed in 1184 ms
2024-06-04 13:08:27 INFO  o.s.b.d.a.OptionalLiveReloadServer - LiveReload server is running on port 35729
2024-06-04 13:08:28 INFO  o.a.coyote.http11.Http11NioProtocol - Starting ProtocolHandler ["http-nio-8080"]
2024-06-04 13:08:28 INFO  o.s.b.w.e.tomcat.TomcatWebServer - Tomcat started on port 8080 (http) with context path '/'
2024-06-04 13:08:28 INFO  com.Maxele.Maxele.MaxeleApplication - Started MaxeleApplication in 2.233 seconds (process running for 2.607)
2024-06-04 13:08:28 INFO  com.Maxele.Maxele.MaxeleApplication - New best elevation gain: 206.36521911621094 meters
2024-06-04 13:08:28 INFO  com.Maxele.Maxele.MaxeleApplication - New best elevation gain: 250.18797302246094 meters
2024-06-04 13:08:28 INFO  com.Maxele.Maxele.MaxeleApplication - New best elevation gain: 254.83892822265625 meters
2024-06-04 13:08:28 INFO  com.Maxele.Maxele.MaxeleApplication - New best elevation gain: 260.28375244140625 meters
2024-06-04 13:08:28 INFO  com.Maxele.Maxele.MaxeleApplication - New best elevation gain: 264.93470764160156 meters
2024-06-04 13:08:28 INFO  com.Maxele.Maxele.MaxeleApplication - New best elevation gain: 265.4503631591797 meters
2024-06-04 13:08:28 INFO  com.Maxele.Maxele.MaxeleApplication - New best elevation gain: 270.8951873779297 meters
2024-06-04 13:08:28 INFO  com.Maxele.Maxele.MaxeleApplication - New best elevation gain: 275.546142578125 meters
2024-06-04 13:08:28 INFO  com.Maxele.Maxele.MaxeleApplication - New best elevation gain: 276.180908203125 meters
2024-06-04 13:08:28 INFO  com.Maxele.Maxele.MaxeleApplication - New best elevation gain: 280.8318634033203 meters
2024-06-04 13:08:28 INFO  com.Maxele.Maxele.MaxeleApplication - New best elevation gain: 281.10169982910156 meters
2024-06-04 13:08:28 INFO  com.Maxele.Maxele.MaxeleApplication - New best elevation gain: 283.2844543457031 meters
2024-06-04 13:08:28 INFO  com.Maxele.Maxele.MaxeleApplication - New best elevation gain: 288.7292785644531 meters
2024-06-04 13:08:28 INFO  com.Maxele.Maxele.MaxeleApplication - New best elevation gain: 293.38023376464844 meters
2024-06-04 13:08:28 INFO  com.Maxele.Maxele.MaxeleApplication - New best elevation gain: 293.6500701904297 meters
2024-06-04 13:08:28 INFO  com.Maxele.Maxele.MaxeleApplication - New best elevation gain: 294.77227783203125 meters
2024-06-04 13:08:28 INFO  com.Maxele.Maxele.MaxeleApplication - New best elevation gain: 300.21710205078125 meters
2024-06-04 13:08:28 INFO  com.Maxele.Maxele.MaxeleApplication - New best elevation gain: 304.86805725097656 meters
2024-06-04 13:08:28 INFO  com.Maxele.Maxele.MaxeleApplication - New best elevation gain: 305.1378936767578 meters
2024-06-04 13:08:28 INFO  com.Maxele.Maxele.MaxeleApplication - New best elevation gain: 305.4083557128906 meters
2024-06-04 13:08:28 INFO  com.Maxele.Maxele.MaxeleApplication - New best elevation gain: 305.6781921386719 meters
2024-06-04 13:08:28 INFO  com.Maxele.Maxele.MaxeleApplication - New best elevation gain: 305.8872833251953 meters
2024-06-04 13:08:29 INFO  com.Maxele.Maxele.MaxeleApplication - New best elevation gain: 307.8193359375 meters
2024-06-04 13:08:29 INFO  com.Maxele.Maxele.MaxeleApplication - New best elevation gain: 308.08917236328125 meters
2024-06-04 13:08:30 INFO  com.Maxele.Maxele.MaxeleApplication - New best elevation gain: 308.35963439941406 meters
2024-06-04 13:08:30 INFO  com.Maxele.Maxele.MaxeleApplication - New best elevation gain: 308.6294708251953 meters
2024-06-04 13:08:30 INFO  com.Maxele.Maxele.MaxeleApplication - New best elevation gain: 308.83856201171875 meters
2024-06-04 13:08:31 INFO  com.Maxele.Maxele.MaxeleApplication - Paths found: 10000
2024-06-04 13:08:34 INFO  com.Maxele.Maxele.MaxeleApplication - Paths found: 20000
2024-06-04 13:08:37 INFO  com.Maxele.Maxele.MaxeleApplication - Paths found: 30000
2024-06-04 13:08:41 INFO  com.Maxele.Maxele.MaxeleApplication - Paths found: 40000
2024-06-04 13:08:44 INFO  com.Maxele.Maxele.MaxeleApplication - Paths found: 50000
2024-06-04 13:08:45 INFO  com.Maxele.Maxele.MaxeleApplication - New best elevation gain: 308.8692932128906 meters
2024-06-04 13:08:45 INFO  com.Maxele.Maxele.MaxeleApplication - New best elevation gain: 309.13975524902344 meters
2024-06-04 13:08:45 INFO  com.Maxele.Maxele.MaxeleApplication - New best elevation gain: 309.4095916748047 meters
2024-06-04 13:08:45 INFO  com.Maxele.Maxele.MaxeleApplication - New best elevation gain: 309.6186828613281 meters
2024-06-04 13:08:47 INFO  com.Maxele.Maxele.MaxeleApplication - Paths found: 60000
